# JRE version: OpenJDK Runtime Environment Temurin-21.0.8+9 (21.0.8+9) (build 21.0.8+9-LTS)
# Java VM: OpenJDK 64-Bit Server VM Temurin-21.0.8+9 (21.0.8+9-LTS, mixed mode, sharing, tiered, compressed oops, compressed class ptrs, parallel gc, windows-amd64)
GC Precious Log:
 CardTable entry size: 512
 CPUs: 8 total, 8 available
 Memory: 5965M
 Large Page Support: Disabled
 NUMA Support: Disabled
 Compressed Oops: Enabled (32-bit)
 Alignments: Space 512K, Generation 512K, Heap 2M
 Heap Min Capacity: 100M
 Heap Initial Capacity: 100M
 Heap Max Capacity: 2G
 Pre-touch: Disabled
 Parallel Workers: 8
Heap:
 PSYoungGen      total 11776K, used 8784K [0x00000000d5580000, 0x00000000d6600000, 0x0000000100000000)
  eden space 11264K, 75% used [0x00000000d5580000,0x00000000d5ddc058,0x00000000d6080000)
  from space 512K, 43% used [0x00000000d6500000,0x00000000d6538000,0x00000000d6580000)
  to   space 512K, 0% used [0x00000000d6580000,0x00000000d6580000,0x00000000d6600000)
 ParOldGen       total 518144K, used 233776K [0x0000000080000000, 0x000000009fa00000, 0x00000000d5580000)
  object space 518144K, 45% used [0x0000000080000000,0x000000008e44c230,0x000000009fa00000)
 Metaspace       used 86424K, committed 87872K, reserved 1179648K
  class space    used 8809K, committed 9472K, reserved 1048576K
GC Heap History (20 events):
Event: 5144.917 GC heap before
{Heap before GC invocations=1475 (full 5):
 PSYoungGen      total 14848K, used 14832K [0x00000000d5580000, 0x00000000d6d80000, 0x0000000100000000)
  eden space 11264K, 100% used [0x00000000d5580000,0x00000000d6080000,0x00000000d6080000)
  from space 3584K, 99% used [0x00000000d6300000,0x00000000d667c060,0x00000000d6680000)
  to   space 6656K, 0% used [0x00000000d6700000,0x00000000d6700000,0x00000000d6d80000)
 ParOldGen       total 518144K, used 227032K [0x0000000080000000, 0x000000009fa00000, 0x00000000d5580000)
  object space 518144K, 43% used [0x0000000080000000,0x000000008ddb6300,0x000000009fa00000)
 Metaspace       used 86352K, committed 87808K, reserved 1179648K
  class space    used 8805K, committed 9472K, reserved 1048576K
}
Event: 5144.939 GC heap after
{Heap after GC invocations=1475 (full 5):
 PSYoungGen      total 11776K, used 352K [0x00000000d5580000, 0x00000000d6780000, 0x0000000100000000)
  eden space 11264K, 0% used [0x00000000d5580000,0x00000000d5580000,0x00000000d6080000)
  from space 512K, 68% used [0x00000000d6700000,0x00000000d6758000,0x00000000d6780000)
  to   space 2560K, 0% used [0x00000000d6280000,0x00000000d6280000,0x00000000d6500000)
 ParOldGen       total 518144K, used 230613K [0x0000000080000000, 0x000000009fa00000, 0x00000000d5580000)
  object space 518144K, 44% used [0x0000000080000000,0x000000008e135790,0x000000009fa00000)
 Metaspace       used 86352K, committed 87808K, reserved 1179648K
  class space    used 8805K, committed 9472K, reserved 1048576K
}
Event: 5145.036 GC heap before
{Heap before GC invocations=1476 (full 5):
 PSYoungGen      total 11776K, used 11616K [0x00000000d5580000, 0x00000000d6780000, 0x0000000100000000)
  eden space 11264K, 100% used [0x00000000d5580000,0x00000000d6080000,0x00000000d6080000)
  from space 512K, 68% used [0x00000000d6700000,0x00000000d6758000,0x00000000d6780000)
  to   space 2560K, 0% used [0x00000000d6280000,0x00000000d6280000,0x00000000d6500000)
 ParOldGen       total 518144K, used 230613K [0x0000000080000000, 0x000000009fa00000, 0x00000000d5580000)
  object space 518144K, 44% used [0x0000000080000000,0x000000008e135790,0x000000009fa00000)
 Metaspace       used 86368K, committed 87808K, reserved 1179648K
  class space    used 8809K, committed 9472K, reserved 1048576K
}
Event: 5145.038 GC heap after
{Heap after GC invocations=1476 (full 5):
 PSYoungGen      total 13824K, used 320K [0x00000000d5580000, 0x00000000d6780000, 0x0000000100000000)
  eden space 11264K, 0% used [0x00000000d5580000,0x00000000d5580000,0x00000000d6080000)
  from space 2560K, 12% used [0x00000000d6280000,0x00000000d62d00c0,0x00000000d6500000)
  to   space 1024K, 0% used [0x00000000d6680000,0x00000000d6680000,0x00000000d6780000)
 ParOldGen       total 518144K, used 230797K [0x0000000080000000, 0x000000009fa00000, 0x00000000d5580000)
  object space 518144K, 44% used [0x0000000080000000,0x000000008e163790,0x000000009fa00000)
 Metaspace       used 86368K, committed 87808K, reserved 1179648K
  class space    used 8809K, committed 9472K, reserved 1048576K
}
Event: 5145.104 GC heap before
{Heap before GC invocations=1477 (full 5):
 PSYoungGen      total 13824K, used 11584K [0x00000000d5580000, 0x00000000d6780000, 0x0000000100000000)
  eden space 11264K, 100% used [0x00000000d5580000,0x00000000d6080000,0x00000000d6080000)
  from space 2560K, 12% used [0x00000000d6280000,0x00000000d62d00c0,0x00000000d6500000)
  to   space 1024K, 0% used [0x00000000d6680000,0x00000000d6680000,0x00000000d6780000)
 ParOldGen       total 518144K, used 230797K [0x0000000080000000, 0x000000009fa00000, 0x00000000d5580000)
  object space 518144K, 44% used [0x0000000080000000,0x000000008e163790,0x000000009fa00000)
 Metaspace       used 86369K, committed 87808K, reserved 1179648K
  class space    used 8809K, committed 9472K, reserved 1048576K
}
Event: 5145.109 GC heap after
{Heap after GC invocations=1477 (full 5):
 PSYoungGen      total 12288K, used 992K [0x00000000d5580000, 0x00000000d6780000, 0x0000000100000000)
  eden space 11264K, 0% used [0x00000000d5580000,0x00000000d5580000,0x00000000d6080000)
  from space 1024K, 96% used [0x00000000d6680000,0x00000000d6778060,0x00000000d6780000)
  to   space 1536K, 0% used [0x00000000d6480000,0x00000000d6480000,0x00000000d6600000)
 ParOldGen       total 518144K, used 231094K [0x0000000080000000, 0x000000009fa00000, 0x00000000d5580000)
  object space 518144K, 44% used [0x0000000080000000,0x000000008e1ad910,0x000000009fa00000)
 Metaspace       used 86369K, committed 87808K, reserved 1179648K
  class space    used 8809K, committed 9472K, reserved 1048576K
}
Event: 5145.144 GC heap before
{Heap before GC invocations=1478 (full 5):
 PSYoungGen      total 12288K, used 12256K [0x00000000d5580000, 0x00000000d6780000, 0x0000000100000000)
  eden space 11264K, 100% used [0x00000000d5580000,0x00000000d6080000,0x00000000d6080000)
  from space 1024K, 96% used [0x00000000d6680000,0x00000000d6778060,0x00000000d6780000)
  to   space 1536K, 0% used [0x00000000d6480000,0x00000000d6480000,0x00000000d6600000)
 ParOldGen       total 518144K, used 231094K [0x0000000080000000, 0x000000009fa00000, 0x00000000d5580000)
  object space 518144K, 44% used [0x0000000080000000,0x000000008e1ad910,0x000000009fa00000)
 Metaspace       used 86370K, committed 87808K, reserved 1179648K
  class space    used 8809K, committed 9472K, reserved 1048576K
}
Event: 5145.150 GC heap after
{Heap after GC invocations=1478 (full 5):
 PSYoungGen      total 12800K, used 448K [0x00000000d5580000, 0x00000000d6700000, 0x0000000100000000)
  eden space 11264K, 0% used [0x00000000d5580000,0x00000000d5580000,0x00000000d6080000)
  from space 1536K, 29% used [0x00000000d6480000,0x00000000d64f00c0,0x00000000d6600000)
  to   space 1024K, 0% used [0x00000000d6600000,0x00000000d6600000,0x00000000d6700000)
 ParOldGen       total 518144K, used 231851K [0x0000000080000000, 0x000000009fa00000, 0x00000000d5580000)
  object space 518144K, 44% used [0x0000000080000000,0x000000008e26ae00,0x000000009fa00000)
 Metaspace       used 86370K, committed 87808K, reserved 1179648K
  class space    used 8809K, committed 9472K, reserved 1048576K
}
Event: 5145.213 GC heap before
{Heap before GC invocations=1479 (full 5):
 PSYoungGen      total 12800K, used 11712K [0x00000000d5580000, 0x00000000d6700000, 0x0000000100000000)
  eden space 11264K, 100% used [0x00000000d5580000,0x00000000d6080000,0x00000000d6080000)
  from space 1536K, 29% used [0x00000000d6480000,0x00000000d64f00c0,0x00000000d6600000)
  to   space 1024K, 0% used [0x00000000d6600000,0x00000000d6600000,0x00000000d6700000)
 ParOldGen       total 518144K, used 231851K [0x0000000080000000, 0x000000009fa00000, 0x00000000d5580000)
  object space 518144K, 44% used [0x0000000080000000,0x000000008e26ae00,0x000000009fa00000)
 Metaspace       used 86370K, committed 87808K, reserved 1179648K
  class space    used 8809K, committed 9472K, reserved 1048576K
}
Event: 5145.216 GC heap after
{Heap after GC invocations=1479 (full 5):
 PSYoungGen      total 11776K, used 192K [0x00000000d5580000, 0x00000000d6680000, 0x0000000100000000)
  eden space 11264K, 0% used [0x00000000d5580000,0x00000000d5580000,0x00000000d6080000)
  from space 512K, 37% used [0x00000000d6600000,0x00000000d6630000,0x00000000d6680000)
  to   space 512K, 0% used [0x00000000d6580000,0x00000000d6580000,0x00000000d6600000)
 ParOldGen       total 518144K, used 232155K [0x0000000080000000, 0x000000009fa00000, 0x00000000d5580000)
  object space 518144K, 44% used [0x0000000080000000,0x000000008e2b6f20,0x000000009fa00000)
 Metaspace       used 86370K, committed 87808K, reserved 1179648K
  class space    used 8809K, committed 9472K, reserved 1048576K
}
Event: 5145.258 GC heap before
{Heap before GC invocations=1480 (full 5):
 PSYoungGen      total 11776K, used 11456K [0x00000000d5580000, 0x00000000d6680000, 0x0000000100000000)
  eden space 11264K, 100% used [0x00000000d5580000,0x00000000d6080000,0x00000000d6080000)
  from space 512K, 37% used [0x00000000d6600000,0x00000000d6630000,0x00000000d6680000)
  to   space 512K, 0% used [0x00000000d6580000,0x00000000d6580000,0x00000000d6600000)
 ParOldGen       total 518144K, used 232155K [0x0000000080000000, 0x000000009fa00000, 0x00000000d5580000)
  object space 518144K, 44% used [0x0000000080000000,0x000000008e2b6f20,0x000000009fa00000)
 Metaspace       used 86370K, committed 87808K, reserved 1179648K
  class space    used 8809K, committed 9472K, reserved 1048576K
}
Event: 5145.262 GC heap after
{Heap after GC invocations=1480 (full 5):
 PSYoungGen      total 11776K, used 480K [0x00000000d5580000, 0x00000000d6680000, 0x0000000100000000)
  eden space 11264K, 0% used [0x00000000d5580000,0x00000000d5580000,0x00000000d6080000)
  from space 512K, 93% used [0x00000000d6580000,0x00000000d65f8060,0x00000000d6600000)
  to   space 512K, 0% used [0x00000000d6600000,0x00000000d6600000,0x00000000d6680000)
 ParOldGen       total 518144K, used 232491K [0x0000000080000000, 0x000000009fa00000, 0x00000000d5580000)
  object space 518144K, 44% used [0x0000000080000000,0x000000008e30af40,0x000000009fa00000)
 Metaspace       used 86370K, committed 87808K, reserved 1179648K
  class space    used 8809K, committed 9472K, reserved 1048576K
}
Event: 5145.581 GC heap before
{Heap before GC invocations=1481 (full 5):
 PSYoungGen      total 11776K, used 11744K [0x00000000d5580000, 0x00000000d6680000, 0x0000000100000000)
  eden space 11264K, 100% used [0x00000000d5580000,0x00000000d6080000,0x00000000d6080000)
  from space 512K, 93% used [0x00000000d6580000,0x00000000d65f8060,0x00000000d6600000)
  to   space 512K, 0% used [0x00000000d6600000,0x00000000d6600000,0x00000000d6680000)
 ParOldGen       total 518144K, used 232491K [0x0000000080000000, 0x000000009fa00000, 0x00000000d5580000)
  object space 518144K, 44% used [0x0000000080000000,0x000000008e30af40,0x000000009fa00000)
 Metaspace       used 86391K, committed 87872K, reserved 1179648K
  class space    used 8809K, committed 9472K, reserved 1048576K
}
Event: 5145.584 GC heap after
{Heap after GC invocations=1481 (full 5):
 PSYoungGen      total 11776K, used 512K [0x00000000d5580000, 0x00000000d6680000, 0x0000000100000000)
  eden space 11264K, 0% used [0x00000000d5580000,0x00000000d5580000,0x00000000d6080000)
  from space 512K, 100% used [0x00000000d6600000,0x00000000d6680000,0x00000000d6680000)
  to   space 1536K, 0% used [0x00000000d6380000,0x00000000d6380000,0x00000000d6500000)
 ParOldGen       total 518144K, used 233010K [0x0000000080000000, 0x000000009fa00000, 0x00000000d5580000)
  object space 518144K, 44% used [0x0000000080000000,0x000000008e38c9f0,0x000000009fa00000)
 Metaspace       used 86391K, committed 87872K, reserved 1179648K
  class space    used 8809K, committed 9472K, reserved 1048576K
}
Event: 5145.610 GC heap before
{Heap before GC invocations=1482 (full 5):
 PSYoungGen      total 11776K, used 11776K [0x00000000d5580000, 0x00000000d6680000, 0x0000000100000000)
  eden space 11264K, 100% used [0x00000000d5580000,0x00000000d6080000,0x00000000d6080000)
  from space 512K, 100% used [0x00000000d6600000,0x00000000d6680000,0x00000000d6680000)
  to   space 1536K, 0% used [0x00000000d6380000,0x00000000d6380000,0x00000000d6500000)
 ParOldGen       total 518144K, used 233010K [0x0000000080000000, 0x000000009fa00000, 0x00000000d5580000)
  object space 518144K, 44% used [0x0000000080000000,0x000000008e38c9f0,0x000000009fa00000)
 Metaspace       used 86393K, committed 87872K, reserved 1179648K
  class space    used 8809K, committed 9472K, reserved 1048576K
}
Event: 5145.613 GC heap after
{Heap after GC invocations=1482 (full 5):
 PSYoungGen      total 12800K, used 320K [0x00000000d5580000, 0x00000000d6680000, 0x0000000100000000)
  eden space 11264K, 0% used [0x00000000d5580000,0x00000000d5580000,0x00000000d6080000)
  from space 1536K, 20% used [0x00000000d6380000,0x00000000d63d0060,0x00000000d6500000)
  to   space 1024K, 0% used [0x00000000d6580000,0x00000000d6580000,0x00000000d6680000)
 ParOldGen       total 518144K, used 233480K [0x0000000080000000, 0x000000009fa00000, 0x00000000d5580000)
  object space 518144K, 45% used [0x0000000080000000,0x000000008e402110,0x000000009fa00000)
 Metaspace       used 86393K, committed 87872K, reserved 1179648K
  class space    used 8809K, committed 9472K, reserved 1048576K
}
Event: 5145.646 GC heap before
{Heap before GC invocations=1483 (full 5):
 PSYoungGen      total 12800K, used 11584K [0x00000000d5580000, 0x00000000d6680000, 0x0000000100000000)
  eden space 11264K, 100% used [0x00000000d5580000,0x00000000d6080000,0x00000000d6080000)
  from space 1536K, 20% used [0x00000000d6380000,0x00000000d63d0060,0x00000000d6500000)
  to   space 1024K, 0% used [0x00000000d6580000,0x00000000d6580000,0x00000000d6680000)
 ParOldGen       total 518144K, used 233480K [0x0000000080000000, 0x000000009fa00000, 0x00000000d5580000)
  object space 518144K, 45% used [0x0000000080000000,0x000000008e402110,0x000000009fa00000)
 Metaspace       used 86393K, committed 87872K, reserved 1179648K
  class space    used 8809K, committed 9472K, reserved 1048576K
}
Event: 5145.649 GC heap after
{Heap after GC invocations=1483 (full 5):
 PSYoungGen      total 11776K, used 256K [0x00000000d5580000, 0x00000000d6600000, 0x0000000100000000)
  eden space 11264K, 0% used [0x00000000d5580000,0x00000000d5580000,0x00000000d6080000)
  from space 512K, 50% used [0x00000000d6580000,0x00000000d65c0000,0x00000000d6600000)
  to   space 512K, 0% used [0x00000000d6500000,0x00000000d6500000,0x00000000d6580000)
 ParOldGen       total 518144K, used 233728K [0x0000000080000000, 0x000000009fa00000, 0x00000000d5580000)
  object space 518144K, 45% used [0x0000000080000000,0x000000008e440230,0x000000009fa00000)
 Metaspace       used 86393K, committed 87872K, reserved 1179648K
  class space    used 8809K, committed 9472K, reserved 1048576K
}
Event: 8343.280 GC heap before
{Heap before GC invocations=1484 (full 5):
 PSYoungGen      total 11776K, used 11520K [0x00000000d5580000, 0x00000000d6600000, 0x0000000100000000)
  eden space 11264K, 100% used [0x00000000d5580000,0x00000000d6080000,0x00000000d6080000)
  from space 512K, 50% used [0x00000000d6580000,0x00000000d65c0000,0x00000000d6600000)
  to   space 512K, 0% used [0x00000000d6500000,0x00000000d6500000,0x00000000d6580000)
 ParOldGen       total 518144K, used 233728K [0x0000000080000000, 0x000000009fa00000, 0x00000000d5580000)
  object space 518144K, 45% used [0x0000000080000000,0x000000008e440230,0x000000009fa00000)
 Metaspace       used 86422K, committed 87872K, reserved 1179648K
  class space    used 8809K, committed 9472K, reserved 1048576K
}
Event: 8343.644 GC heap after
{Heap after GC invocations=1484 (full 5):
 PSYoungGen      total 11776K, used 224K [0x00000000d5580000, 0x00000000d6600000, 0x0000000100000000)
  eden space 11264K, 0% used [0x00000000d5580000,0x00000000d5580000,0x00000000d6080000)
  from space 512K, 43% used [0x00000000d6500000,0x00000000d6538000,0x00000000d6580000)
  to   space 512K, 0% used [0x00000000d6580000,0x00000000d6580000,0x00000000d6600000)
 ParOldGen       total 518144K, used 233776K [0x0000000080000000, 0x000000009fa00000, 0x00000000d5580000)
  object space 518144K, 45% used [0x0000000080000000,0x000000008e44c230,0x000000009fa00000)
 Metaspace       used 86422K, committed 87872K, reserved 1179648K
  class space    used 8809K, committed 9472K, reserved 1048576K
}

